Initialising communication.
Communication initialised 
Let the game begin...
My name: player_0.log
My colour: 0
Board size: 15
Time limit: 4000
-----------------------------------
    0  1  2  3  4  5  6  7  8  9 10 11 12 13 14 
   +--+--+--+--+--+--+--+--+--+--+--+--+--+--+--+
 0 |.  .  .  .  .  .  .  .  .  .  .  .  .  .  .  |
 1 |.  .  .  .  .  .  .  .  .  .  .  .  .  .  .  |
 2 |.  .  .  .  .  .  .  .  .  .  .  .  .  .  .  |
 3 |.  .  .  .  .  .  .  .  .  .  .  .  .  .  .  |
 4 |.  .  .  .  .  .  .  .  .  .  .  .  .  .  .  |
 5 |.  .  .  .  .  .  .  .  .  .  .  .  .  .  .  |
 6 |.  .  .  .  .  .  .  .  .  .  .  .  .  .  .  |
 7 |.  .  .  .  .  .  .  .  .  .  .  .  .  .  .  |
 8 |.  .  .  .  .  .  .  .  .  .  .  .  .  .  .  |
 9 |.  .  .  .  .  .  .  .  .  .  .  .  .  .  .  |
10 |.  .  .  .  .  .  .  .  .  .  .  .  .  .  .  |
11 |.  .  .  .  .  .  .  .  .  .  .  .  .  .  .  |
12 |.  .  .  .  .  .  .  .  .  .  .  .  .  .  .  |
13 |.  .  .  .  .  .  .  .  .  .  .  .  .  .  .  |
14 |.  .  .  .  .  .  .  .  .  .  .  .  .  .  .  |
   +--+--+--+--+--+--+--+--+--+--+--+--+--+--+--+

Placing piece on: 13, 1 
    0  1  2  3  4  5  6  7  8  9 10 11 12 13 14 
   +--+--+--+--+--+--+--+--+--+--+--+--+--+--+--+
 0 |.  .  .  .  .  .  .  .  .  .  .  .  .  .  .  |
 1 |.  .  .  .  .  .  .  .  .  .  .  .  .  .  .  |
 2 |.  .  .  .  .  .  .  .  .  .  .  .  .  .  .  |
 3 |.  .  .  .  .  .  .  .  .  .  .  .  .  .  .  |
 4 |.  .  .  .  .  .  .  .  .  .  .  .  .  .  .  |
 5 |.  .  .  .  .  .  .  .  .  .  .  .  .  .  .  |
 6 |.  .  .  .  .  .  .  .  .  .  .  .  .  .  .  |
 7 |.  .  .  .  .  .  .  .  .  .  .  .  .  .  .  |
 8 |.  .  .  .  .  .  .  .  .  .  .  .  .  .  .  |
 9 |.  .  .  .  .  .  .  .  .  .  .  .  .  .  .  |
10 |.  .  .  .  .  .  .  .  .  .  .  .  .  .  .  |
11 |.  .  .  .  .  .  .  .  .  .  .  .  .  .  .  |
12 |.  .  .  .  .  .  .  .  .  .  .  .  .  .  .  |
13 |.  B  .  .  .  .  .  .  .  .  .  .  .  .  .  |
14 |.  .  .  .  .  .  .  .  .  .  .  .  .  .  .  |
   +--+--+--+--+--+--+--+--+--+--+--+--+--+--+--+

Opponent placing piece on: 3, 4
    0  1  2  3  4  5  6  7  8  9 10 11 12 13 14 
   +--+--+--+--+--+--+--+--+--+--+--+--+--+--+--+
 0 |.  .  .  .  .  .  .  .  .  .  .  .  .  .  .  |
 1 |.  .  .  .  .  .  .  .  .  .  .  .  .  .  .  |
 2 |.  .  .  .  .  .  .  .  .  .  .  .  .  .  .  |
 3 |.  .  .  .  W  .  .  .  .  .  .  .  .  .  .  |
 4 |.  .  .  .  .  .  .  .  .  .  .  .  .  .  .  |
 5 |.  .  .  .  .  .  .  .  .  .  .  .  .  .  .  |
 6 |.  .  .  .  .  .  .  .  .  .  .  .  .  .  .  |
 7 |.  .  .  .  .  .  .  .  .  .  .  .  .  .  .  |
 8 |.  .  .  .  .  .  .  .  .  .  .  .  .  .  .  |
 9 |.  .  .  .  .  .  .  .  .  .  .  .  .  .  .  |
10 |.  .  .  .  .  .  .  .  .  .  .  .  .  .  .  |
11 |.  .  .  .  .  .  .  .  .  .  .  .  .  .  .  |
12 |.  .  .  .  .  .  .  .  .  .  .  .  .  .  .  |
13 |.  B  .  .  .  .  .  .  .  .  .  .  .  .  .  |
14 |.  .  .  .  .  .  .  .  .  .  .  .  .  .  .  |
   +--+--+--+--+--+--+--+--+--+--+--+--+--+--+--+

Placing piece on: 11, 7 
    0  1  2  3  4  5  6  7  8  9 10 11 12 13 14 
   +--+--+--+--+--+--+--+--+--+--+--+--+--+--+--+
 0 |.  .  .  .  .  .  .  .  .  .  .  .  .  .  .  |
 1 |.  .  .  .  .  .  .  .  .  .  .  .  .  .  .  |
 2 |.  .  .  .  .  .  .  .  .  .  .  .  .  .  .  |
 3 |.  .  .  .  W  .  .  .  .  .  .  .  .  .  .  |
 4 |.  .  .  .  .  .  .  .  .  .  .  .  .  .  .  |
 5 |.  .  .  .  .  .  .  .  .  .  .  .  .  .  .  |
 6 |.  .  .  .  .  .  .  .  .  .  .  .  .  .  .  |
 7 |.  .  .  .  .  .  .  .  .  .  .  .  .  .  .  |
 8 |.  .  .  .  .  .  .  .  .  .  .  .  .  .  .  |
 9 |.  .  .  .  .  .  .  .  .  .  .  .  .  .  .  |
10 |.  .  .  .  .  .  .  .  .  .  .  .  .  .  .  |
11 |.  .  .  .  .  .  .  B  .  .  .  .  .  .  .  |
12 |.  .  .  .  .  .  .  .  .  .  .  .  .  .  .  |
13 |.  B  .  .  .  .  .  .  .  .  .  .  .  .  .  |
14 |.  .  .  .  .  .  .  .  .  .  .  .  .  .  .  |
   +--+--+--+--+--+--+--+--+--+--+--+--+--+--+--+

Placing piece on: 7, 5 
    0  1  2  3  4  5  6  7  8  9 10 11 12 13 14 
   +--+--+--+--+--+--+--+--+--+--+--+--+--+--+--+
 0 |.  .  .  .  .  .  .  .  .  .  .  .  .  .  .  |
 1 |.  .  .  .  .  .  .  .  .  .  .  .  .  .  .  |
 2 |.  .  .  .  .  .  .  .  .  .  .  .  .  .  .  |
 3 |.  .  .  .  W  .  .  .  .  .  .  .  .  .  .  |
 4 |.  .  .  .  .  .  .  .  .  .  .  .  .  .  .  |
 5 |.  .  .  .  .  .  .  .  .  .  .  .  .  .  .  |
 6 |.  .  .  .  .  .  .  .  .  .  .  .  .  .  .  |
 7 |.  .  .  .  .  B  .  .  .  .  .  .  .  .  .  |
 8 |.  .  .  .  .  .  .  .  .  .  .  .  .  .  .  |
 9 |.  .  .  .  .  .  .  .  .  .  .  .  .  .  .  |
10 |.  .  .  .  .  .  .  .  .  .  .  .  .  .  .  |
11 |.  .  .  .  .  .  .  B  .  .  .  .  .  .  .  |
12 |.  .  .  .  .  .  .  .  .  .  .  .  .  .  .  |
13 |.  B  .  .  .  .  .  .  .  .  .  .  .  .  .  |
14 |.  .  .  .  .  .  .  .  .  .  .  .  .  .  .  |
   +--+--+--+--+--+--+--+--+--+--+--+--+--+--+--+

Opponent placing piece on: 3, 4
    0  1  2  3  4  5  6  7  8  9 10 11 12 13 14 
   +--+--+--+--+--+--+--+--+--+--+--+--+--+--+--+
 0 |.  .  .  .  .  .  .  .  .  .  .  .  .  .  .  |
 1 |.  .  .  .  .  .  .  .  .  .  .  .  .  .  .  |
 2 |.  .  .  .  .  .  .  .  .  .  .  .  .  .  .  |
 3 |.  .  .  .  W  .  .  .  .  .  .  .  .  .  .  |
 4 |.  .  .  .  .  .  .  .  .  .  .  .  .  .  .  |
 5 |.  .  .  .  .  .  .  .  .  .  .  .  .  .  .  |
 6 |.  .  .  .  .  .  .  .  .  .  .  .  .  .  .  |
 7 |.  .  .  .  .  B  .  .  .  .  .  .  .  .  .  |
 8 |.  .  .  .  .  .  .  .  .  .  .  .  .  .  .  |
 9 |.  .  .  .  .  .  .  .  .  .  .  .  .  .  .  |
10 |.  .  .  .  .  .  .  .  .  .  .  .  .  .  .  |
11 |.  .  .  .  .  .  .  B  .  .  .  .  .  .  .  |
12 |.  .  .  .  .  .  .  .  .  .  .  .  .  .  .  |
13 |.  B  .  .  .  .  .  .  .  .  .  .  .  .  .  |
14 |.  .  .  .  .  .  .  .  .  .  .  .  .  .  .  |
   +--+--+--+--+--+--+--+--+--+--+--+--+--+--+--+

Opponent placing piece on: 3, 4
    0  1  2  3  4  5  6  7  8  9 10 11 12 13 14 
   +--+--+--+--+--+--+--+--+--+--+--+--+--+--+--+
 0 |.  .  .  .  .  .  .  .  .  .  .  .  .  .  .  |
 1 |.  .  .  .  .  .  .  .  .  .  .  .  .  .  .  |
 2 |.  .  .  .  .  .  .  .  .  .  .  .  .  .  .  |
 3 |.  .  .  .  W  .  .  .  .  .  .  .  .  .  .  |
 4 |.  .  .  .  .  .  .  .  .  .  .  .  .  .  .  |
 5 |.  .  .  .  .  .  .  .  .  .  .  .  .  .  .  |
 6 |.  .  .  .  .  .  .  .  .  .  .  .  .  .  .  |
 7 |.  .  .  .  .  B  .  .  .  .  .  .  .  .  .  |
 8 |.  .  .  .  .  .  .  .  .  .  .  .  .  .  .  |
 9 |.  .  .  .  .  .  .  .  .  .  .  .  .  .  .  |
10 |.  .  .  .  .  .  .  .  .  .  .  .  .  .  .  |
11 |.  .  .  .  .  .  .  B  .  .  .  .  .  .  .  |
12 |.  .  .  .  .  .  .  .  .  .  .  .  .  .  .  |
13 |.  B  .  .  .  .  .  .  .  .  .  .  .  .  .  |
14 |.  .  .  .  .  .  .  .  .  .  .  .  .  .  .  |
   +--+--+--+--+--+--+--+--+--+--+--+--+--+--+--+

Placing piece on: 11, 10 
    0  1  2  3  4  5  6  7  8  9 10 11 12 13 14 
   +--+--+--+--+--+--+--+--+--+--+--+--+--+--+--+
 0 |.  .  .  .  .  .  .  .  .  .  .  .  .  .  .  |
 1 |.  .  .  .  .  .  .  .  .  .  .  .  .  .  .  |
 2 |.  .  .  .  .  .  .  .  .  .  .  .  .  .  .  |
 3 |.  .  .  .  W  .  .  .  .  .  .  .  .  .  .  |
 4 |.  .  .  .  .  .  .  .  .  .  .  .  .  .  .  |
 5 |.  .  .  .  .  .  .  .  .  .  .  .  .  .  .  |
 6 |.  .  .  .  .  .  .  .  .  .  .  .  .  .  .  |
 7 |.  .  .  .  .  B  .  .  .  .  .  .  .  .  .  |
 8 |.  .  .  .  .  .  .  .  .  .  .  .  .  .  .  |
 9 |.  .  .  .  .  .  .  .  .  .  .  .  .  .  .  |
10 |.  .  .  .  .  .  .  .  .  .  .  .  .  .  .  |
11 |.  .  .  .  .  .  .  B  .  .  B  .  .  .  .  |
12 |.  .  .  .  .  .  .  .  .  .  .  .  .  .  .  |
13 |.  B  .  .  .  .  .  .  .  .  .  .  .  .  .  |
14 |.  .  .  .  .  .  .  .  .  .  .  .  .  .  .  |
   +--+--+--+--+--+--+--+--+--+--+--+--+--+--+--+

Placing piece on: 10, 13 
    0  1  2  3  4  5  6  7  8  9 10 11 12 13 14 
   +--+--+--+--+--+--+--+--+--+--+--+--+--+--+--+
 0 |.  .  .  .  .  .  .  .  .  .  .  .  .  .  .  |
 1 |.  .  .  .  .  .  .  .  .  .  .  .  .  .  .  |
 2 |.  .  .  .  .  .  .  .  .  .  .  .  .  .  .  |
 3 |.  .  .  .  W  .  .  .  .  .  .  .  .  .  .  |
 4 |.  .  .  .  .  .  .  .  .  .  .  .  .  .  .  |
 5 |.  .  .  .  .  .  .  .  .  .  .  .  .  .  .  |
 6 |.  .  .  .  .  .  .  .  .  .  .  .  .  .  .  |
 7 |.  .  .  .  .  B  .  .  .  .  .  .  .  .  .  |
 8 |.  .  .  .  .  .  .  .  .  .  .  .  .  .  .  |
 9 |.  .  .  .  .  .  .  .  .  .  .  .  .  .  .  |
10 |.  .  .  .  .  .  .  .  .  .  .  .  .  B  .  |
11 |.  .  .  .  .  .  .  B  .  .  B  .  .  .  .  |
12 |.  .  .  .  .  .  .  .  .  .  .  .  .  .  .  |
13 |.  B  .  .  .  .  .  .  .  .  .  .  .  .  .  |
14 |.  .  .  .  .  .  .  .  .  .  .  .  .  .  .  |
   +--+--+--+--+--+--+--+--+--+--+--+--+--+--+--+

Placing piece on: 7, 9 
    0  1  2  3  4  5  6  7  8  9 10 11 12 13 14 
   +--+--+--+--+--+--+--+--+--+--+--+--+--+--+--+
 0 |.  .  .  .  .  .  .  .  .  .  .  .  .  .  .  |
 1 |.  .  .  .  .  .  .  .  .  .  .  .  .  .  .  |
 2 |.  .  .  .  .  .  .  .  .  .  .  .  .  .  .  |
 3 |.  .  .  .  W  .  .  .  .  .  .  .  .  .  .  |
 4 |.  .  .  .  .  .  .  .  .  .  .  .  .  .  .  |
 5 |.  .  .  .  .  .  .  .  .  .  .  .  .  .  .  |
 6 |.  .  .  .  .  .  .  .  .  .  .  .  .  .  .  |
 7 |.  .  .  .  .  B  .  .  .  B  .  .  .  .  .  |
 8 |.  .  .  .  .  .  .  .  .  .  .  .  .  .  .  |
 9 |.  .  .  .  .  .  .  .  .  .  .  .  .  .  .  |
10 |.  .  .  .  .  .  .  .  .  .  .  .  .  B  .  |
11 |.  .  .  .  .  .  .  B  .  .  B  .  .  .  .  |
12 |.  .  .  .  .  .  .  .  .  .  .  .  .  .  .  |
13 |.  B  .  .  .  .  .  .  .  .  .  .  .  .  .  |
14 |.  .  .  .  .  .  .  .  .  .  .  .  .  .  .  |
   +--+--+--+--+--+--+--+--+--+--+--+--+--+--+--+
Game terminated.
